<?xml version="1.0" encoding="UTF-8"?>
<testng-results skipped="0" failed="0" ignored="0" total="1" passed="1">
  <reporter-output>
  </reporter-output>
  <suite name="Default Suite" duration-ms="26595" started-at="2019-04-07T15:05:51Z" finished-at="2019-04-07T15:06:18Z">
    <groups>
    </groups>
    <test name="Maven_Automation" duration-ms="26595" started-at="2019-04-07T15:05:51Z" finished-at="2019-04-07T15:06:18Z">
      <class name="Day10_04062019.Class_ActionItem">
        <test-method status="PASS" signature="openbrowser()[pri:0, instance:Day10_04062019.Class_ActionItem@b684286]" name="openbrowser" is-config="true" duration-ms="5936" started-at="2019-04-07T15:05:51Z" finished-at="2019-04-07T15:05:57Z">
          <reporter-output>
          </reporter-output>
        </test-method> <!-- openbrowser -->
        <test-method status="PASS" signature="testScenario()[pri:0, instance:Day10_04062019.Class_ActionItem@b684286]" name="testScenario" duration-ms="20632" started-at="2019-04-07T15:05:57Z" finished-at="2019-04-07T15:06:18Z">
          <reporter-output>
          </reporter-output>
        </test-method> <!-- testScenario -->
        <test-method status="PASS" signature="closeBrowser()[pri:0, instance:Day10_04062019.Class_ActionItem@b684286]" name="closeBrowser" is-config="true" duration-ms="0" started-at="2019-04-07T15:06:18Z" finished-at="2019-04-07T15:06:18Z">
          <reporter-output>
          </reporter-output>
        </test-method> <!-- closeBrowser -->
      </class> <!-- Day10_04062019.Class_ActionItem -->
    </test> <!-- Maven_Automation -->
  </suite> <!-- Default Suite -->
</testng-results>
